<?xml version="1.0" encoding="UTF-8"?>
<testng-results ignored="0" total="2" passed="2" failed="0" skipped="0">
  <reporter-output>
  </reporter-output>
  <suite started-at="2024-09-23T11:00:29 GMT-05:00" name="Suite" finished-at="2024-09-23T11:00:29 GMT-05:00" duration-ms="0">
    <groups>
    </groups>
  </suite> <!-- Suite -->
  <suite started-at="2024-09-23T11:00:28 GMT-05:00" name="Suite (0)" finished-at="2024-09-23T11:00:28 GMT-05:00" duration-ms="377">
    <groups>
    </groups>
    <test started-at="2024-09-23T11:00:28 GMT-05:00" name="Test" finished-at="2024-09-23T11:00:28 GMT-05:00" duration-ms="377">
      <class name="MSCFY.ChemistryFY">
        <test-method signature="False()[pri:0, instance:MSCFY.ChemistryFY@63611043]" started-at="2024-09-23T11:00:28 GMT-05:00" name="False" finished-at="2024-09-23T11:00:28 GMT-05:00" duration-ms="120" status="PASS">
          <reporter-output>
          </reporter-output>
        </test-method> <!-- False -->
        <test-method signature="True()[pri:0, instance:MSCFY.ChemistryFY@63611043]" started-at="2024-09-23T11:00:28 GMT-05:00" name="True" finished-at="2024-09-23T11:00:28 GMT-05:00" duration-ms="21" status="PASS">
          <reporter-output>
          </reporter-output>
        </test-method> <!-- True -->
      </class> <!-- MSCFY.ChemistryFY -->
    </test> <!-- Test -->
  </suite> <!-- Suite (0) -->
</testng-results>
